[Licensing::Module] Trying to connect to existing licensing client channel...
[Licensing::IpcConnector] Successfully connected to the License Client on channel: "LicenseClient-ampxr"
[Licensing::Client] Handshaking with LicensingClient:
  Version:                 1.15.0+66d4389
  Session Id:              85d8d9599860439280a184cb050aa5b1
  Correlation Id:          8383ac3f740e16f6fa6893043b72096d
  External correlation Id: 3649764448489015797
  Machine Id:              3ZTVeP2T1NwdMrKKCd2SIucRWOM=
[Licensing::Module] Successfully connected to LicensingClient on channel: "LicenseClient-ampxr" (connect: 0.00s, validation: 0.01s, handshake: 0.96s)
[Licensing::IpcConnector] Successfully connected to the License Notification on channel: "LicenseClient-ampxr-notifications"
[Licensing::Module] Error: Access token is unavailable; failed to update
[Licensing::Client] Successfully updated license
Built from '2022.3/staging' branch; Version is '2022.3.7f1 (b16b3b16c7a0) revision 11627323'; Using compiler version '192829333'; Build Type 'Release'
OS: 'Windows 11  (10.0.22631) 64bit Core' Language: 'es' Physical Memory: 16085 MB
[Licensing::Client] Successfully resolved entitlements
[Licensing::Module] Serial number assigned to: "F4-BXJN-TG49-8J7M-CM8T-XXXX"
BatchMode: 1, IsHumanControllingUs: 0, StartBugReporterOnCrash: 0, Is64bit: 1, IsPro: 0

COMMAND LINE ARGUMENTS:
C:\PROGRA~1\Unity\Hub\Editor\2022.3.7f1\Editor\Unity.exe
-quit
-batchmode
-projectPath
.
-buildTarget
Win64
-executeMethod
BuildCommand.PerformBuild
-logFile
build.log
Successfully changed project path to: C:/Users/ampxr/Documents/Universidad/EIRV/Github-workflows-for-Unity/project
C:/Users/ampxr/Documents/Universidad/EIRV/Github-workflows-for-Unity/project
[UnityMemory] Configuration Parameters - Can be set up in boot.config
    "memorysetup-bucket-allocator-granularity=16"
    "memorysetup-bucket-allocator-bucket-count=8"
    "memorysetup-bucket-allocator-block-size=33554432"
    "memorysetup-bucket-allocator-block-count=8"
    "memorysetup-main-allocator-block-size=16777216"
    "memorysetup-thread-allocator-block-size=16777216"
    "memorysetup-gfx-main-allocator-block-size=16777216"
    "memorysetup-gfx-thread-allocator-block-size=16777216"
    "memorysetup-cache-allocator-block-size=4194304"
    "memorysetup-typetree-allocator-block-size=2097152"
    "memorysetup-profiler-bucket-allocator-granularity=16"
    "memorysetup-profiler-bucket-allocator-bucket-count=8"
    "memorysetup-profiler-bucket-allocator-block-size=33554432"
    "memorysetup-profiler-bucket-allocator-block-count=8"
    "memorysetup-profiler-allocator-block-size=16777216"
    "memorysetup-profiler-editor-allocator-block-size=1048576"
    "memorysetup-temp-allocator-size-main=16777216"
    "memorysetup-job-temp-allocator-block-size=2097152"
    "memorysetup-job-temp-allocator-block-size-background=1048576"
    "memorysetup-job-temp-allocator-reduction-small-platforms=262144"
    "memorysetup-allocator-temp-initial-block-size-main=262144"
    "memorysetup-allocator-temp-initial-block-size-worker=262144"
    "memorysetup-temp-allocator-size-background-worker=32768"
    "memorysetup-temp-allocator-size-job-worker=262144"
    "memorysetup-temp-allocator-size-preload-manager=33554432"
    "memorysetup-temp-allocator-size-nav-mesh-worker=65536"
    "memorysetup-temp-allocator-size-audio-worker=65536"
    "memorysetup-temp-allocator-size-cloud-worker=32768"
    "memorysetup-temp-allocator-size-gi-baking-worker=262144"
    "memorysetup-temp-allocator-size-gfx=262144"
Player connection [32456] Host "[IP] 192.168.56.1 [Port] 55496 [Flags] 2 [Guid] 3237218256 [EditorId] 3237218256 [Version] 1048832 [Id] WindowsEditor(7,MSI) [Debug] 1 [PackageName] WindowsEditor [ProjectName] Editor" joined multi-casting on [225.0.0.222:54997]...

Player connection [32456] Host "[IP] 192.168.56.1 [Port] 55496 [Flags] 2 [Guid] 3237218256 [EditorId] 3237218256 [Version] 1048832 [Id] WindowsEditor(7,MSI) [Debug] 1 [PackageName] WindowsEditor [ProjectName] Editor" joined alternative multi-casting on [225.0.0.222:34997]...

[Package Manager] UpmClient::Connect -- Connected to IPC stream "Upm-37524" after 0.3 seconds.
[Licensing::Client] Successfully resolved entitlements
[Package Manager] Restoring resolved packages state from cache
[Licensing::Client] Successfully resolved entitlement details
[Package Manager] Registered 47 packages:
  Packages from [https://packages.unity.com]:
    com.unity.collab-proxy@2.3.1 (location: C:\Users\ampxr\Documents\Universidad\EIRV\Github-workflows-for-Unity\project\Library\PackageCache\com.unity.collab-proxy@2.3.1)
    com.unity.textmeshpro@3.0.6 (location: C:\Users\ampxr\Documents\Universidad\EIRV\Github-workflows-for-Unity\project\Library\PackageCache\com.unity.textmeshpro@3.0.6)
    com.unity.timeline@1.7.5 (location: C:\Users\ampxr\Documents\Universidad\EIRV\Github-workflows-for-Unity\project\Library\PackageCache\com.unity.timeline@1.7.5)
    com.unity.visualscripting@1.8.0 (location: C:\Users\ampxr\Documents\Universidad\EIRV\Github-workflows-for-Unity\project\Library\PackageCache\com.unity.visualscripting@1.8.0)
    com.unity.ide.visualstudio@2.0.18 (location: C:\Users\ampxr\Documents\Universidad\EIRV\Github-workflows-for-Unity\project\Library\PackageCache\com.unity.ide.visualstudio@2.0.18)
    com.unity.ide.rider@3.0.24 (location: C:\Users\ampxr\Documents\Universidad\EIRV\Github-workflows-for-Unity\project\Library\PackageCache\com.unity.ide.rider@3.0.24)
    com.unity.ide.vscode@1.2.5 (location: C:\Users\ampxr\Documents\Universidad\EIRV\Github-workflows-for-Unity\project\Library\PackageCache\com.unity.ide.vscode@1.2.5)
    com.unity.editorcoroutines@1.0.0 (location: C:\Users\ampxr\Documents\Universidad\EIRV\Github-workflows-for-Unity\project\Library\PackageCache\com.unity.editorcoroutines@1.0.0)
    com.unity.performance.profile-analyzer@1.2.2 (location: C:\Users\ampxr\Documents\Universidad\EIRV\Github-workflows-for-Unity\project\Library\PackageCache\com.unity.performance.profile-analyzer@1.2.2)
    com.unity.test-framework@1.1.33 (location: C:\Users\ampxr\Documents\Universidad\EIRV\Github-workflows-for-Unity\project\Library\PackageCache\com.unity.test-framework@1.1.33)
    com.unity.testtools.codecoverage@1.2.4 (location: C:\Users\ampxr\Documents\Universidad\EIRV\Github-workflows-for-Unity\project\Library\PackageCache\com.unity.testtools.codecoverage@1.2.4)
    com.unity.settings-manager@2.0.1 (location: C:\Users\ampxr\Documents\Universidad\EIRV\Github-workflows-for-Unity\project\Library\PackageCache\com.unity.settings-manager@2.0.1)
    com.unity.ext.nunit@1.0.6 (location: C:\Users\ampxr\Documents\Universidad\EIRV\Github-workflows-for-Unity\project\Library\PackageCache\com.unity.ext.nunit@1.0.6)
  Built-in packages:
    com.unity.feature.development@1.0.1 (location: C:\Users\ampxr\Documents\Universidad\EIRV\Github-workflows-for-Unity\project\Library\PackageCache\com.unity.feature.development@1.0.1)
    com.unity.ugui@1.0.0 (location: C:\Users\ampxr\Documents\Universidad\EIRV\Github-workflows-for-Unity\project\Library\PackageCache\com.unity.ugui@1.0.0)
    com.unity.modules.ai@1.0.0 (location: C:\Users\ampxr\Documents\Universidad\EIRV\Github-workflows-for-Unity\project\Library\PackageCache\com.unity.modules.ai@1.0.0)
    com.unity.modules.androidjni@1.0.0 (location: C:\Users\ampxr\Documents\Universidad\EIRV\Github-workflows-for-Unity\project\Library\PackageCache\com.unity.modules.androidjni@1.0.0)
    com.unity.modules.animation@1.0.0 (location: C:\Users\ampxr\Documents\Universidad\EIRV\Github-workflows-for-Unity\project\Library\PackageCache\com.unity.modules.animation@1.0.0)
    com.unity.modules.assetbundle@1.0.0 (location: C:\Users\ampxr\Documents\Universidad\EIRV\Github-workflows-for-Unity\project\Library\PackageCache\com.unity.modules.assetbundle@1.0.0)
    com.unity.modules.audio@1.0.0 (location: C:\Users\ampxr\Documents\Universidad\EIRV\Github-workflows-for-Unity\project\Library\PackageCache\com.unity.modules.audio@1.0.0)
    com.unity.modules.cloth@1.0.0 (location: C:\Users\ampxr\Documents\Universidad\EIRV\Github-workflows-for-Unity\project\Library\PackageCache\com.unity.modules.cloth@1.0.0)
    com.unity.modules.director@1.0.0 (location: C:\Users\ampxr\Documents\Universidad\EIRV\Github-workflows-for-Unity\project\Library\PackageCache\com.unity.modules.director@1.0.0)
    com.unity.modules.imageconversion@1.0.0 (location: C:\Users\ampxr\Documents\Universidad\EIRV\Github-workflows-for-Unity\project\Library\PackageCache\com.unity.modules.imageconversion@1.0.0)
    com.unity.modules.imgui@1.0.0 (location: C:\Users\ampxr\Documents\Universidad\EIRV\Github-workflows-for-Unity\project\Library\PackageCache\com.unity.modules.imgui@1.0.0)
    com.unity.modules.jsonserialize@1.0.0 (location: C:\Users\ampxr\Documents\Universidad\EIRV\Github-workflows-for-Unity\project\Library\PackageCache\com.unity.modules.jsonserialize@1.0.0)
    com.unity.modules.particlesystem@1.0.0 (location: C:\Users\ampxr\Documents\Universidad\EIRV\Github-workflows-for-Unity\project\Library\PackageCache\com.unity.modules.particlesystem@1.0.0)
    com.unity.modules.physics@1.0.0 (location: C:\Users\ampxr\Documents\Universidad\EIRV\Github-workflows-for-Unity\project\Library\PackageCache\com.unity.modules.physics@1.0.0)
    com.unity.modules.physics2d@1.0.0 (location: C:\Users\ampxr\Documents\Universidad\EIRV\Github-workflows-for-Unity\project\Library\PackageCache\com.unity.modules.physics2d@1.0.0)
    com.unity.modules.screencapture@1.0.0 (location: C:\Users\ampxr\Documents\Universidad\EIRV\Github-workflows-for-Unity\project\Library\PackageCache\com.unity.modules.screencapture@1.0.0)
    com.unity.modules.terrain@1.0.0 (location: C:\Users\ampxr\Documents\Universidad\EIRV\Github-workflows-for-Unity\project\Library\PackageCache\com.unity.modules.terrain@1.0.0)
    com.unity.modules.terrainphysics@1.0.0 (location: C:\Users\ampxr\Documents\Universidad\EIRV\Github-workflows-for-Unity\project\Library\PackageCache\com.unity.modules.terrainphysics@1.0.0)
    com.unity.modules.tilemap@1.0.0 (location: C:\Users\ampxr\Documents\Universidad\EIRV\Github-workflows-for-Unity\project\Library\PackageCache\com.unity.modules.tilemap@1.0.0)
    com.unity.modules.ui@1.0.0 (location: C:\Users\ampxr\Documents\Universidad\EIRV\Github-workflows-for-Unity\project\Library\PackageCache\com.unity.modules.ui@1.0.0)
    com.unity.modules.uielements@1.0.0 (location: C:\Users\ampxr\Documents\Universidad\EIRV\Github-workflows-for-Unity\project\Library\PackageCache\com.unity.modules.uielements@1.0.0)
    com.unity.modules.umbra@1.0.0 (location: C:\Users\ampxr\Documents\Universidad\EIRV\Github-workflows-for-Unity\project\Library\PackageCache\com.unity.modules.umbra@1.0.0)
    com.unity.modules.unityanalytics@1.0.0 (location: C:\Users\ampxr\Documents\Universidad\EIRV\Github-workflows-for-Unity\project\Library\PackageCache\com.unity.modules.unityanalytics@1.0.0)
    com.unity.modules.unitywebrequest@1.0.0 (location: C:\Users\ampxr\Documents\Universidad\EIRV\Github-workflows-for-Unity\project\Library\PackageCache\com.unity.modules.unitywebrequest@1.0.0)
    com.unity.modules.unitywebrequestassetbundle@1.0.0 (location: C:\Users\ampxr\Documents\Universidad\EIRV\Github-workflows-for-Unity\project\Library\PackageCache\com.unity.modules.unitywebrequestassetbundle@1.0.0)
    com.unity.modules.unitywebrequestaudio@1.0.0 (location: C:\Users\ampxr\Documents\Universidad\EIRV\Github-workflows-for-Unity\project\Library\PackageCache\com.unity.modules.unitywebrequestaudio@1.0.0)
    com.unity.modules.unitywebrequesttexture@1.0.0 (location: C:\Users\ampxr\Documents\Universidad\EIRV\Github-workflows-for-Unity\project\Library\PackageCache\com.unity.modules.unitywebrequesttexture@1.0.0)
    com.unity.modules.unitywebrequestwww@1.0.0 (location: C:\Users\ampxr\Documents\Universidad\EIRV\Github-workflows-for-Unity\project\Library\PackageCache\com.unity.modules.unitywebrequestwww@1.0.0)
    com.unity.modules.vehicles@1.0.0 (location: C:\Users\ampxr\Documents\Universidad\EIRV\Github-workflows-for-Unity\project\Library\PackageCache\com.unity.modules.vehicles@1.0.0)
    com.unity.modules.video@1.0.0 (location: C:\Users\ampxr\Documents\Universidad\EIRV\Github-workflows-for-Unity\project\Library\PackageCache\com.unity.modules.video@1.0.0)
    com.unity.modules.vr@1.0.0 (location: C:\Users\ampxr\Documents\Universidad\EIRV\Github-workflows-for-Unity\project\Library\PackageCache\com.unity.modules.vr@1.0.0)
    com.unity.modules.wind@1.0.0 (location: C:\Users\ampxr\Documents\Universidad\EIRV\Github-workflows-for-Unity\project\Library\PackageCache\com.unity.modules.wind@1.0.0)
    com.unity.modules.xr@1.0.0 (location: C:\Users\ampxr\Documents\Universidad\EIRV\Github-workflows-for-Unity\project\Library\PackageCache\com.unity.modules.xr@1.0.0)
    com.unity.modules.subsystems@1.0.0 (location: C:\Users\ampxr\Documents\Universidad\EIRV\Github-workflows-for-Unity\project\Library\PackageCache\com.unity.modules.subsystems@1.0.0)
[Subsystems] No new subsystems found in resolved package list.
Package Manager log level set to [2]
[Package Manager] Done registering packages in 0.12 seconds
Targeting platform: Win64
Refreshing native plugins compatible for Editor in 6.34 ms, found 3 plugins.
Preloading 0 native plugins for Editor in 0.00 ms.
Initialize engine version: 2022.3.7f1 (b16b3b16c7a0)
[Subsystems] Discovering subsystems at path C:/PROGRA~1/Unity/Hub/Editor/2022.3.7f1/Editor/Data/Resources/UnitySubsystems
[Subsystems] Discovering subsystems at path C:/Users/ampxr/Documents/Universidad/EIRV/Github-workflows-for-Unity/project/Assets
GfxDevice: creating device client; threaded=0; jobified=0
Direct3D:
    Version:  Direct3D 11.0 [level 11.1]
    Renderer: NVIDIA GeForce RTX 4050 Laptop GPU (ID=0x28a1)
    Vendor:   NVIDIA
    VRAM:     5936 MB
    Driver:   31.0.15.4621
[Licensing::Client] Successfully resolved entitlements
Initialize mono
Mono path[0] = 'C:/PROGRA~1/Unity/Hub/Editor/2022.3.7f1/Editor/Data/Managed'
Mono path[1] = 'C:/PROGRA~1/Unity/Hub/Editor/2022.3.7f1/Editor/Data/MonoBleedingEdge/lib/mono/unityjit-win32'
Mono config path = 'C:/PROGRA~1/Unity/Hub/Editor/2022.3.7f1/Editor/Data/MonoBleedingEdge/etc'
Using monoOptions --debugger-agent=transport=dt_socket,embedding=1,server=y,suspend=n,address=127.0.0.1:56524
Using cacheserver namespaces - metadata:defaultmetadata, artifacts:defaultartifacts
Using cacheserver namespaces - metadata:defaultmetadata, artifacts:defaultartifacts
ImportWorker Server TCP listen port: 0
Begin MonoManager ReloadAssembly
Registering precompiled unity dll's ...
Register platform support module: C:/PROGRA~1/Unity/Hub/Editor/2022.3.7f1/Editor/Data/PlaybackEngines/WebGLSupport/UnityEditor.WebGL.Extensions.dll
[Licensing::Client] Successfully resolved entitlements
Register platform support module: C:/PROGRA~1/Unity/Hub/Editor/2022.3.7f1/Editor/Data/PlaybackEngines/AndroidPlayer/UnityEditor.Android.Extensions.dll
Register platform support module: C:/PROGRA~1/Unity/Hub/Editor/2022.3.7f1/Editor/Data/PlaybackEngines/WindowsStandaloneSupport/UnityEditor.WindowsStandalone.Extensions.dll
[Licensing::Client] Successfully resolved entitlements
Register platform support module: C:/PROGRA~1/Unity/Hub/Editor/2022.3.7f1/Editor/Data/PlaybackEngines/MetroSupport/UnityEditor.UWP.Extensions.dll
Registered in 0.034344 seconds.
- Loaded All Assemblies, in  0.295 seconds
Native extension for UWP target not found
Native extension for WindowsStandalone target not found
Native extension for Android target not found
Android Extension - Scanning For ADB Devices 2461 ms
Native extension for WebGL target not found
Mono: successfully reloaded assembly
- Finished resetting the current domain, in  2.735 seconds
Domain Reload Profiling: 3029ms
	BeginReloadAssembly (83ms)
		ExecutionOrderSort (0ms)
		DisableScriptedObjects (0ms)
		BackupInstance (0ms)
		ReleaseScriptingObjects (0ms)
		CreateAndSetChildDomain (1ms)
	RebuildCommonClasses (22ms)
	RebuildNativeTypeToScriptingClass (8ms)
	initialDomainReloadingComplete (74ms)
	LoadAllAssembliesAndSetupDomain (106ms)
		LoadAssemblies (82ms)
		RebuildTransferFunctionScriptingTraits (0ms)
		AnalyzeDomain (104ms)
			TypeCache.Refresh (103ms)
				TypeCache.ScanAssembly (93ms)
			ScanForSourceGeneratedMonoScriptInfo (0ms)
			ResolveRequiredComponents (0ms)
	FinalizeReload (2736ms)
		ReleaseScriptCaches (0ms)
		RebuildScriptCaches (0ms)
		SetupLoadedEditorAssemblies (2691ms)
			LogAssemblyErrors (0ms)
			InitializePlatformSupportModulesInManaged (2553ms)
			SetLoadedEditorAssemblies (3ms)
			RefreshPlugins (0ms)
			BeforeProcessingInitializeOnLoad (2ms)
			ProcessInitializeOnLoadAttributes (96ms)
			ProcessInitializeOnLoadMethodAttributes (37ms)
			AfterProcessingInitializeOnLoad (0ms)
			EditorAssembliesLoaded (0ms)
		ExecutionOrderSort2 (0ms)
		AwakeInstancesAfterBackupRestoration (0ms)
[Licensing::Client] Successfully resolved entitlements
Application.AssetDatabase Initial Refresh Start
info: Microsoft.Hosting.Lifetime[14]
      Now listening on: http://localhost:80
info: Microsoft.Hosting.Lifetime[0]
      Application started. Press Ctrl+C to shut down.
info: Microsoft.Hosting.Lifetime[0]
      Hosting environment: Production
info: Microsoft.Hosting.Lifetime[0]
      Content root path: C:\Users\ampxr\Documents\Universidad\EIRV\Github-workflows-for-Unity\project\
info: Microsoft.AspNetCore.Hosting.Diagnostics[1]
      Request starting HTTP/2 POST http://ilpp/UnityILPP.PostProcessing/Ping application/grpc -
info: Microsoft.AspNetCore.Routing.EndpointMiddleware[0]
      Executing endpoint 'gRPC - /UnityILPP.PostProcessing/Ping'
info: Microsoft.AspNetCore.Routing.EndpointMiddleware[1]
      Executed endpoint 'gRPC - /UnityILPP.PostProcessing/Ping'
info: Microsoft.AspNetCore.Hosting.Diagnostics[2]
      Request finished HTTP/2 POST http://ilpp/UnityILPP.PostProcessing/Ping application/grpc - - 200 - application/grpc 34.4598ms
Starting: C:\PROGRA~1\Unity\Hub\Editor\2022.3.7f1\Editor\Data\bee_backend.exe --dont-print-to-structured-log --ipc --defer-dag-verification --dagfile="Library/Bee/1900b0aE.dag" --continue-on-failure --profile="Library/Bee/backend1.traceevents" ScriptAssemblies
WorkingDir: C:/Users/ampxr/Documents/Universidad/EIRV/Github-workflows-for-Unity/project
DisplayProgressbar: Compiling Scripts
ExitCode: 0 Duration: 0s165ms
*** Tundra build success (0.09 seconds), 0 items updated, 349 evaluated
AssetDatabase: script compilation time: 0.855014s
Begin MonoManager ReloadAssembly
Total cache size 268210512
Total cache size after purge 268210512
Symbol file LoadedFromMemory doesn't match image C:\Users\ampxr\Documents\Universidad\EIRV\Github-workflows-for-Unity\project\Library\PackageCache\com.unity.visualscripting@1.8.0\Editor\VisualScripting.Core\Dependencies\YamlDotNet\Unity.VisualScripting.YamlDotNet.dll
Symbol file LoadedFromMemory doesn't match image C:\Users\ampxr\Documents\Universidad\EIRV\Github-workflows-for-Unity\project\Library\PackageCache\com.unity.visualscripting@1.8.0\Editor\VisualScripting.Core\Dependencies\DotNetZip\Unity.VisualScripting.IonicZip.dll
- Loaded All Assemblies, in  0.588 seconds
Refreshing native plugins compatible for Editor in 3.14 ms, found 3 plugins.
Preloading 0 native plugins for Editor in 0.00 ms.
Refreshing native plugins compatible for Editor in 4.83 ms, found 3 plugins.
Native extension for UWP target not found
Native extension for WindowsStandalone target not found
Native extension for Android target not found
Native extension for WebGL target not found
Mono: successfully reloaded assembly
- Finished resetting the current domain, in  0.846 seconds
Domain Reload Profiling: 1429ms
	BeginReloadAssembly (130ms)
		ExecutionOrderSort (0ms)
		DisableScriptedObjects (4ms)
		BackupInstance (0ms)
		ReleaseScriptingObjects (0ms)
		CreateAndSetChildDomain (22ms)
	RebuildCommonClasses (26ms)
	RebuildNativeTypeToScriptingClass (9ms)
	initialDomainReloadingComplete (26ms)
	LoadAllAssembliesAndSetupDomain (391ms)
		LoadAssemblies (289ms)
		RebuildTransferFunctionScriptingTraits (0ms)
		AnalyzeDomain (177ms)
			TypeCache.Refresh (155ms)
				TypeCache.ScanAssembly (138ms)
			ScanForSourceGeneratedMonoScriptInfo (13ms)
			ResolveRequiredComponents (8ms)
	FinalizeReload (847ms)
		ReleaseScriptCaches (0ms)
		RebuildScriptCaches (0ms)
		SetupLoadedEditorAssemblies (714ms)
			LogAssemblyErrors (0ms)
			InitializePlatformSupportModulesInManaged (28ms)
			SetLoadedEditorAssemblies (4ms)
			RefreshPlugins (0ms)
			BeforeProcessingInitializeOnLoad (51ms)
			ProcessInitializeOnLoadAttributes (604ms)
			ProcessInitializeOnLoadMethodAttributes (20ms)
			AfterProcessingInitializeOnLoad (8ms)
			EditorAssembliesLoaded (0ms)
		ExecutionOrderSort2 (0ms)
		AwakeInstancesAfterBackupRestoration (8ms)
Asset Pipeline Refresh (id=f2b0bd3c31d3ffc4089fa1ec6435fdd5): Total: 3.449 seconds - Initiated by InitialRefreshV2(ForceSynchronousImport)
	Summary:
		Imports: total=0 (actual=0, local cache=0, cache server=0)
		Asset DB Process Time: managed=0 ms, native=1006 ms
		Asset DB Callback time: managed=65 ms, native=0 ms
		Scripting: domain reloads=1, domain reload time=1486 ms, compile time=855 ms, other=34 ms
		Project Asset Count: scripts=3677, non-scripts=577
		Asset File Changes: new=0, changed=0, moved=0, deleted=0
		Scan Filter Count: 0
	InvokeBeforeRefreshCallbacks: 0.528ms
	ApplyChangesToAssetFolders: 0.055ms
	Scan: 45.849ms
	OnSourceAssetsModified: 0.002ms
	GetAllGuidsForCategorization: 0.863ms
	CategorizeAssets: 84.357ms
	ImportOutOfDateAssets: 876.126ms (5.040ms without children)
		CompileScripts: 855.289ms
		ReloadNativeAssets: 0.001ms
		UnloadImportedAssets: 13.866ms
		EnsureUptoDateAssetsAreRegisteredWithGuidPM: 0.965ms
		InitializingProgressBar: 0.004ms
		PostProcessAllAssetNotificationsAddChangedAssets: 0.001ms
		OnDemandSchedulerStart: 0.960ms
	PostProcessAllAssets: 65.328ms
	GatherAllCurrentPrimaryArtifactRevisions: 0.001ms
	UnloadStreamsBegin: 1.776ms
	PersistCurrentRevisions: 0.168ms
	UnloadStreamsEnd: 0.022ms
	GenerateScriptTypeHashes: 0.506ms
	Untracked: 2374.094ms
Application.AssetDatabase Initial Refresh End
Launched and connected shader compiler UnityShaderCompiler.exe after 0.09 seconds
Scanning for USB devices : 1.768ms
Initializing Unity extensions:
[Licensing::Client] Successfully resolved entitlements
[MODES] ModeService[none].Initialize
[MODES] ModeService[none].LoadModes
[MODES] Loading mode Default (0) for mode-current-id-Test-Project
ProgressiveSceneManager::Cancel()
Unloading 3 Unused Serialized files (Serialized files now loaded: 0)
Unloading 43 unused Assets / (475.9 KB). Loaded Objects now: 3589.
Memory consumption went from 105.9 MB to 105.5 MB.
Total: 3.489200 ms (FindLiveObjects: 0.205100 ms CreateObjectMapping: 0.101200 ms MarkObjects: 2.965700 ms  DeleteObjects: 0.216100 ms)

:: Performing build
info: Microsoft.AspNetCore.Hosting.Diagnostics[1]
      Request starting HTTP/2 POST http://ilpp/UnityILPP.PostProcessing/Ping application/grpc -
info: Microsoft.AspNetCore.Routing.EndpointMiddleware[0]
      Executing endpoint 'gRPC - /UnityILPP.PostProcessing/Ping'
info: Microsoft.AspNetCore.Routing.EndpointMiddleware[1]
      Executed endpoint 'gRPC - /UnityILPP.PostProcessing/Ping'
info: Microsoft.AspNetCore.Hosting.Diagnostics[2]
      Request finished HTTP/2 POST http://ilpp/UnityILPP.PostProcessing/Ping application/grpc - - 200 - application/grpc 1.3547ms
Starting: C:\PROGRA~1\Unity\Hub\Editor\2022.3.7f1\Editor\Data\bee_backend.exe --dont-print-to-structured-log --ipc --defer-dag-verification --dagfile="Library/Bee/1900b0aESkipCompile.dag" --continue-on-failure --profile="Library/Bee/backend1.traceevents" ScriptAssembliesAndTypeDB
WorkingDir: C:/Users/ampxr/Documents/Universidad/EIRV/Github-workflows-for-Unity/project
ExitCode: 0 Duration: 0s118ms
*** Tundra build success (0.01 seconds), 0 items updated, 3 evaluated
Asset Pipeline Refresh (id=03e19de5e6dc80a428c80aafc79461fb): Total: 0.011 seconds - Initiated by RefreshV2(NoUpdateAssetOptions)
[ScriptCompilation] Requested script compilation because: Recompiling scripts for player build.
BuildPlayer: start building target 19
info: Microsoft.AspNetCore.Hosting.Diagnostics[1]
      Request starting HTTP/2 POST http://ilpp/UnityILPP.PostProcessing/Ping application/grpc -
info: Microsoft.AspNetCore.Routing.EndpointMiddleware[0]
      Executing endpoint 'gRPC - /UnityILPP.PostProcessing/Ping'
info: Microsoft.AspNetCore.Routing.EndpointMiddleware[1]
      Executed endpoint 'gRPC - /UnityILPP.PostProcessing/Ping'
info: Microsoft.AspNetCore.Hosting.Diagnostics[2]
      Request finished HTTP/2 POST http://ilpp/UnityILPP.PostProcessing/Ping application/grpc - - 200 - application/grpc 0.5382ms
Starting: C:\PROGRA~1\Unity\Hub\Editor\2022.3.7f1\Editor\Data\bee_backend.exe --dont-print-to-structured-log --ipc --defer-dag-verification --dagfile="Library/Bee/1900b0aP.dag" --continue-on-failure --profile="Library/Bee/backend1.traceevents" ScriptAssembliesAndTypeDB
WorkingDir: C:/Users/ampxr/Documents/Universidad/EIRV/Github-workflows-for-Unity/project
Total cache size 268210512
Total cache size after purge 268210512
ExitCode: 0 Duration: 2s521ms
[110/130    0s] CopyFiles Library/Bee/PlayerScriptAssemblies/UnityEngine.TestRunner.pdb
[111/130    0s] CopyFiles Library/Bee/PlayerScriptAssemblies/UnityEngine.UI.pdb
[115/130    0s] CopyFiles Library/Bee/PlayerScriptAssemblies/UnityEngine.TestRunner.dll
[116/130    0s] CopyFiles Library/Bee/PlayerScriptAssemblies/Unity.TextMeshPro.dll
[117/130    0s] CopyFiles Library/Bee/PlayerScriptAssemblies/Unity.Timeline.dll
[119/130    0s] CopyFiles Library/Bee/PlayerScriptAssemblies/Unity.Timeline.pdb
[120/130    0s] CopyFiles Library/Bee/PlayerScriptAssemblies/Unity.TextMeshPro.pdb
[121/130    0s] CopyFiles Library/Bee/PlayerScriptAssemblies/UnityEngine.UI.dll
[122/130    0s] CopyFiles Library/Bee/PlayerScriptAssemblies/Unity.VisualScripting.Core.dll
[123/130    0s] CopyFiles Library/Bee/PlayerScriptAssemblies/Unity.VisualScripting.Core.pdb
[124/130    0s] CopyFiles Library/Bee/PlayerScriptAssemblies/Unity.VisualScripting.State.pdb
[125/130    0s] CopyFiles Library/Bee/PlayerScriptAssemblies/Unity.VisualScripting.Flow.pdb
[126/130    0s] CopyFiles Library/Bee/PlayerScriptAssemblies/Unity.VisualScripting.Flow.dll
[127/130    0s] CopyFiles Library/Bee/PlayerScriptAssemblies/Unity.VisualScripting.State.dll
*** Tundra build success (2.47 seconds), 14 items updated, 130 evaluated
Not rebuilding Data files -- no changes
Asset Pipeline Refresh (id=1caf542f236cf8d4d98b00d2301ba215): Total: 0.023 seconds - Initiated by RefreshV2(NoUpdateAssetOptions)
Total cache size 268210512
Total cache size after purge 268210512


Mono dependencies included in the build
Dependency assembly - System.Xml.dll
Dependency assembly - System.Data.dll
Dependency assembly - System.Runtime.Serialization.dll
Dependency assembly - System.Numerics.dll
Dependency assembly - Unity.TextMeshPro.dll
Dependency assembly - System.ServiceModel.Internals.dll
Dependency assembly - mscorlib.dll
Dependency assembly - System.Data.DataSetExtensions.dll
Dependency assembly - netstandard.dll
Dependency assembly - System.Xml.Linq.dll
Dependency assembly - System.Core.dll
Dependency assembly - System.Configuration.dll
Dependency assembly - Unity.VisualScripting.Antlr3.Runtime.dll
Dependency assembly - Mono.Security.dll
Dependency assembly - Unity.VisualScripting.State.dll
Dependency assembly - System.ComponentModel.Composition.dll
Dependency assembly - System.IO.Compression.FileSystem.dll
Dependency assembly - System.EnterpriseServices.dll
Dependency assembly - System.IO.Compression.dll
Dependency assembly - UnityEngine.UI.dll
Dependency assembly - Unity.VisualScripting.Core.dll
Dependency assembly - System.Net.Http.dll
Dependency assembly - System.Transactions.dll
Dependency assembly - Unity.Timeline.dll
Dependency assembly - Unity.VisualScripting.Flow.dll
Dependency assembly - System.Drawing.dll
Dependency assembly - System.dll
Dependency assembly - System.Security.dll

info: Microsoft.AspNetCore.Hosting.Diagnostics[1]
      Request starting HTTP/2 POST http://ilpp/UnityILPP.PostProcessing/Ping application/grpc -
info: Microsoft.AspNetCore.Routing.EndpointMiddleware[0]
      Executing endpoint 'gRPC - /UnityILPP.PostProcessing/Ping'
info: Microsoft.AspNetCore.Routing.EndpointMiddleware[1]
      Executed endpoint 'gRPC - /UnityILPP.PostProcessing/Ping'
info: Microsoft.AspNetCore.Hosting.Diagnostics[2]
      Request finished HTTP/2 POST http://ilpp/UnityILPP.PostProcessing/Ping application/grpc - - 200 - application/grpc 0.3168ms
Starting: C:\PROGRA~1\Unity\Hub\Editor\2022.3.7f1\Editor\Data\bee_backend.exe --dont-print-to-structured-log --ipc --dagfile="Library/Bee/Player10e049ee.dag" --profile="Library/Bee/backend1.traceevents" Player
WorkingDir: C:/Users/ampxr/Documents/Universidad/EIRV/Github-workflows-for-Unity/project
*** Tundra build success (0.02 seconds), 0 items updated, 135 evaluated
DisplayProgressbar: Incremental Player Build
ExitCode: 0 Duration: 0s103ms
Refreshing native plugins compatible for Editor in 2.79 ms, found 3 plugins.
Preloading 0 native plugins for Editor in 0.00 ms.

-------------------------------------------------------------------------------
Build Report
Information on used Assets is not available, since player data was not rebuilt.
Do a clean build to view the Asset build report information.
-------------------------------------------------------------------------------
Unloading 1 Unused Serialized files (Serialized files now loaded: 0)
Unloading 38 unused Assets / (0.7 MB). Loaded Objects now: 3604.
Memory consumption went from 119.5 MB to 118.8 MB.
Total: 4.874900 ms (FindLiveObjects: 0.156100 ms CreateObjectMapping: 0.076400 ms MarkObjects: 4.270500 ms  DeleteObjects: 0.367800 ms)

DisplayProgressNotification: Build Successful
Build Finished, Result: Success.
Total cache size 268210512
Total cache size after purge 268210512
Unloading 0 Unused Serialized files (Serialized files now loaded: 0)
Loaded scene 'Temp/__Backupscenes/0.backup'
	Deserialize:            0.511 ms
	Integration:            4.379 ms
	Integration of assets:  0.001 ms
	Thread Wait Time:       0.011 ms
	Total Operation Time:   4.903 ms
Unloading 0 unused Assets / (0 B). Loaded Objects now: 3604.
Memory consumption went from 118.3 MB to 118.3 MB.
Total: 3.612700 ms (FindLiveObjects: 0.207600 ms CreateObjectMapping: 0.116100 ms MarkObjects: 3.280300 ms  DeleteObjects: 0.007900 ms)

Batchmode quit successfully invoked - shutting down!
Killing ADB server in 0,2128478 seconds.
Setting up 8 worker threads for Enlighten.
[Licensing::IpcConnector] License Notification channel disconnected successfully.
[Licensing::IpcConnector] License Client channel disconnected successfully.
Cleanup mono
abort_threads: Failed aborting id: 00000000000089E0, mono_thread_manage will ignore it

abort_threads: Failed aborting id: 0000000000008374, mono_thread_manage will ignore it

abort_threads: Failed aborting id: 0000000000008374, mono_thread_manage will ignore it

abort_threads: Failed aborting id: 00000000000089E0, mono_thread_manage will ignore it

debugger-agent: Unable to listen on 4184
[Performance] WinEditorMain                                                                                                  :        1 samples, Peak.  2.11 s (1.0x), Avg.  2.11 s, Total. 2.110 s (11.7%)
[Performance] WinEditorMain.ConfigureCrashHandler                                                                            :        1 samples, Peak.  23.6 us (1.0x), Avg.  23.6 us, Total. 23.60 us (0.0%)
[Performance] WinEditorMain.CurlRequestInitialize                                                                            :        1 samples, Peak.  1.05 ms (1.0x), Avg.  1.05 ms, Total. 1.049 ms (0.0%)
[Performance] WinEditorMain.SetupLogFile                                                                                     :        1 samples, Peak.   434 us (1.0x), Avg.   434 us, Total. 433.5 us (0.0%)
[Performance] WinEditorMain.RunNativeTestsIfRequiredAndExit                                                                  :        1 samples, Peak.   200 ns (1.0x), Avg.   200 ns, Total. 200.0 ns (0.0%)
[Performance] WinEditorMain.Licensing                                                                                        :        1 samples, Peak.  2.09 s (1.0x), Avg.  2.09 s, Total. 2.094 s (11.6%)
[Performance] WinEditorMain.InitializeCrashHandler                                                                           :        1 samples, Peak.  12.1 ms (1.0x), Avg.  12.1 ms, Total. 12.12 ms (0.1%)
[Performance] WinEditorMain.CreateApplication                                                                                :        1 samples, Peak.   216 us (1.0x), Avg.   216 us, Total. 215.8 us (0.0%)
[Performance] Application.InitializeProject                                                                                  :        1 samples, Peak.  8.53 s (1.0x), Avg.  8.53 s, Total. 8.528 s (47.3%)
[Performance] Application.PackageManager.StartServer                                                                         :        1 samples, Peak.  35.4 ms (1.0x), Avg.  35.4 ms, Total. 35.39 ms (0.2%)
[Performance] Application.AcquireProjectLock                                                                                 :        1 samples, Peak.  5.49 ms (1.0x), Avg.  5.49 ms, Total. 5.492 ms (0.0%)
[Performance] Application.InitializeEngineNoGraphics                                                                         :        1 samples, Peak.  53.8 ms (1.0x), Avg.  53.8 ms, Total. 53.76 ms (0.3%)
[Performance] Application.PackageManager.Initialize                                                                          :        1 samples, Peak.   330 ms (1.0x), Avg.   330 ms, Total. 330.2 ms (1.8%)
[Performance] Connecting to Package Manager                                                                                  :       34 samples, Peak.  80.2 us (19.5x), Avg.  4.10 us, Total. 139.5 us (0.0%)
[Performance] Application.EngineGraphics.Initialize                                                                          :        1 samples, Peak.   204 ms (1.0x), Avg.   204 ms, Total. 204.2 ms (1.1%)
[Performance] Application.GI.Initialize                                                                                      :        1 samples, Peak.  4.07 ms (1.0x), Avg.  4.07 ms, Total. 4.067 ms (0.0%)
[Performance] Application.LoadAllDefaultResourcesFromEditor                                                                  :        1 samples, Peak.  1.88 ms (1.0x), Avg.  1.88 ms, Total. 1.878 ms (0.0%)
[Performance] Application.LoadMonoAssemblies                                                                                 :        1 samples, Peak.  3.04 s (1.0x), Avg.  3.04 s, Total. 3.040 s (16.9%)
[Performance] RestoreManagedReferences                                                                                       :        2 samples, Peak.  37.3 ms (2.0x), Avg.  18.7 ms, Total. 37.31 ms (0.2%)
[Performance] EditorResources.Load                                                                                           :        4 samples, Peak.  20.3 ms (3.9x), Avg.  5.15 ms, Total. 20.60 ms (0.1%)
[Performance] InitializeOnLoad WindowLayout                                                                                  :        2 samples, Peak.   371 us (1.1x), Avg.   342 us, Total. 684.4 us (0.0%)
[Performance] InitializeOnLoad AssetStoreContext                                                                             :        2 samples, Peak.  19.8 ms (1.7x), Avg.  11.6 ms, Total. 23.22 ms (0.1%)
[Performance] InitializeOnLoad MixerEffectDefinitionReloader                                                                 :        2 samples, Peak.  4.49 ms (1.5x), Avg.  3.06 ms, Total. 6.110 ms (0.0%)
[Performance] InitializeOnLoad SettingsService                                                                               :        2 samples, Peak.  13.3 us (1.1x), Avg.  12.3 us, Total. 24.70 us (0.0%)
[Performance] InitializeOnLoad UnityConnect                                                                                  :        2 samples, Peak.  53.0 us (1.1x), Avg.  46.4 us, Total. 92.80 us (0.0%)
[Performance] InitializeOnLoad CacheServerWindow                                                                             :        2 samples, Peak.  14.1 us (1.1x), Avg.  12.3 us, Total. 24.60 us (0.0%)
[Performance] InitializeOnLoad SceneSearch                                                                                   :        2 samples, Peak.  65.1 us (1.3x), Avg.  51.1 us, Total. 102.3 us (0.0%)
[Performance] InitializeOnLoad ProjectSearch                                                                                 :        2 samples, Peak.  71.3 us (1.5x), Avg.  46.2 us, Total. 92.40 us (0.0%)
[Performance] InitializeOnLoad NativeFormatImporterUtility                                                                   :        2 samples, Peak.  1.78 ms (1.1x), Avg.  1.63 ms, Total. 3.257 ms (0.0%)
[Performance] InitializeOnLoad PrefabInstanceChangedListener                                                                 :        2 samples, Peak.   152 us (1.2x), Avg.   130 us, Total. 259.2 us (0.0%)
[Performance] InitializeOnLoad CloudBuild                                                                                    :        2 samples, Peak.  3.50 us (1.2x), Avg.  2.85 us, Total. 5.700 us (0.0%)
[Performance] InitializeOnLoad CheckNavigationPackage                                                                        :        2 samples, Peak.   261 us (1.0x), Avg.   257 us, Total. 513.9 us (0.0%)
[Performance] InitializeOnLoad DrivenRectTransformUndo                                                                       :        2 samples, Peak.   243 us (1.1x), Avg.   214 us, Total. 427.0 us (0.0%)
[Performance] InitializeOnLoad SearchService                                                                                 :        2 samples, Peak.   181 us (1.4x), Avg.   130 us, Total. 259.6 us (0.0%)
[Performance] InitializeOnLoad PlayModeDownload                                                                              :        2 samples, Peak.   474 us (1.3x), Avg.   355 us, Total. 709.5 us (0.0%)
[Performance] InitializeOnLoad AddComponentWindow                                                                            :        2 samples, Peak.   136 us (1.2x), Avg.   111 us, Total. 221.6 us (0.0%)
[Performance] InitializeOnLoad ManagedDebugger                                                                               :        2 samples, Peak.   538 us (1.2x), Avg.   464 us, Total. 928.1 us (0.0%)
[Performance] InitializeOnLoad ShortcutIntegration                                                                           :        2 samples, Peak.  51.8 us (1.1x), Avg.  49.2 us, Total. 98.50 us (0.0%)
[Performance] InitializeOnLoad ManagedDebuggerWindow                                                                         :        2 samples, Peak.  92.9 us (1.1x), Avg.  86.7 us, Total. 173.5 us (0.0%)
[Performance] InitializeOnLoad MenuItems                                                                                     :        2 samples, Peak.  73.8 us (1.2x), Avg.  62.0 us, Total. 124.1 us (0.0%)
[Performance] InitializeOnLoad UISystemProfilerRenderService                                                                 :        2 samples, Peak.  9.00 us (1.4x), Avg.  6.65 us, Total. 13.30 us (0.0%)
[Performance] InitializeOnLoad EditMode                                                                                      :        2 samples, Peak.   570 us (1.3x), Avg.   434 us, Total. 868.7 us (0.0%)
[Performance] InitializeOnLoad ObjectSelectorSearch                                                                          :        2 samples, Peak.  73.9 us (1.5x), Avg.  49.3 us, Total. 98.50 us (0.0%)
[Performance] InitializeOnLoad EditorMonitor                                                                                 :        2 samples, Peak.   755 us (1.1x), Avg.   662 us, Total. 1.323 ms (0.0%)
[Performance] InitializeOnLoad RetainedMode                                                                                  :        2 samples, Peak.  2.09 ms (1.1x), Avg.  1.86 ms, Total. 3.729 ms (0.0%)
[Performance] InitializeOnLoad EditorShaderLoader                                                                            :        2 samples, Peak.   500 us (1.0x), Avg.   483 us, Total. 966.3 us (0.0%)
[Performance] InitializeOnLoad EditorDelegateRegistration                                                                    :        2 samples, Peak.   531 us (1.3x), Avg.   421 us, Total. 842.9 us (0.0%)
[Performance] InitializeOnLoad LiveReloadTrackerCreator                                                                      :        2 samples, Peak.   147 us (1.2x), Avg.   119 us, Total. 238.9 us (0.0%)
[Performance] InitializeOnLoad UxmlObjectEditorFactories                                                                     :        2 samples, Peak.   451 us (1.1x), Avg.   406 us, Total. 811.3 us (0.0%)
[Performance] InitializeOnLoad UIDocumentHierarchyWatcher                                                                    :        2 samples, Peak.  82.1 us (1.1x), Avg.  72.9 us, Total. 145.8 us (0.0%)
[Performance] InitializeOnLoad UXMLEditorFactories                                                                           :        2 samples, Peak.  46.7 ms (1.0x), Avg.  45.7 ms, Total. 91.43 ms (0.5%)
[Performance] InitializeOnLoad CloudBuildPoller                                                                              :        2 samples, Peak.   227 us (1.0x), Avg.   218 us, Total. 436.6 us (0.0%)
[Performance] InitializeOnLoad AnalyticsService                                                                              :        2 samples, Peak.  4.12 ms (1.0x), Avg.  4.07 ms, Total. 8.131 ms (0.0%)
[Performance] InitializeOnLoad UDPService                                                                                    :        2 samples, Peak.  3.57 ms (1.1x), Avg.  3.13 ms, Total. 6.256 ms (0.0%)
[Performance] InitializeOnLoad EditorGameServicesAnalytics                                                                   :        2 samples, Peak.  1.03 ms (1.1x), Avg.   952 us, Total. 1.905 ms (0.0%)
[Performance] InitializeOnLoad PurchasingService                                                                             :        2 samples, Peak.  7.88 ms (1.0x), Avg.  7.57 ms, Total. 15.14 ms (0.1%)
[Performance] InitializeOnLoad ServicesRepository                                                                            :        2 samples, Peak.  1.20 us (1.3x), Avg.   900 ns, Total. 1.800 us (0.0%)
[Performance] InitializeOnLoad AdsService                                                                                    :        2 samples, Peak.  3.27 ms (1.0x), Avg.  3.26 ms, Total. 6.515 ms (0.0%)
[Performance] InitializeOnLoad BuildService                                                                                  :        2 samples, Peak.  2.59 ms (1.0x), Avg.  2.53 ms, Total. 5.068 ms (0.0%)
[Performance] InitializeOnLoad CrashService                                                                                  :        2 samples, Peak.  3.78 ms (1.2x), Avg.  3.16 ms, Total. 6.313 ms (0.0%)
[Performance] InitializeOnLoad SearchWindow                                                                                  :        2 samples, Peak.   177 us (1.1x), Avg.   161 us, Total. 321.6 us (0.0%)
[Performance] InitializeOnLoad CustomIndexers                                                                                :        2 samples, Peak.   569 us (1.5x), Avg.   375 us, Total. 750.2 us (0.0%)
[Performance] InitializeOnLoad SearchMonitor                                                                                 :        2 samples, Peak.  1.68 ms (1.1x), Avg.  1.47 ms, Total. 2.933 ms (0.0%)
[Performance] InitializeOnLoad ParameterControllerEditor                                                                     :        2 samples, Peak.  20.7 us (1.2x), Avg.  17.8 us, Total. 35.50 us (0.0%)
[Performance] InitializeOnLoad LayerSettingsWindow                                                                           :        2 samples, Peak.  23.5 us (1.8x), Avg.  13.1 us, Total. 26.20 us (0.0%)
[Performance] InitializeOnLoad PackageManagerHookGUIDConverter.RegisterPackagesEventHandler                                  :        2 samples, Peak.   760 us (1.7x), Avg.   442 us, Total. 884.5 us (0.0%)
[Performance] InitializeOnLoad EditorDragAndDrop.RegisterEditorClient                                                        :        2 samples, Peak.   208 us (1.2x), Avg.   179 us, Total. 357.6 us (0.0%)
[Performance] InitializeOnLoad EditorEventCallbacks.InitializeFontAssetResourceChangeCallBacks                               :        2 samples, Peak.  1.87 ms (1.3x), Avg.  1.40 ms, Total. 2.793 ms (0.0%)
[Performance] InitializeOnLoad SceneTemplateService.Init                                                                     :        2 samples, Peak.  1.05 ms (1.1x), Avg.   993 us, Total. 1.985 ms (0.0%)
[Performance] InitializeOnLoad DiagnosticSwitchesConsoleMessage.Init                                                         :        2 samples, Peak.  4.78 ms (1.6x), Avg.  2.91 ms, Total. 5.811 ms (0.0%)
[Performance] InitializeOnLoad PackageManagerWindow.EditorInitializedInSafeMode                                              :        2 samples, Peak.  21.8 ms (2.0x), Avg.  11.0 ms, Total. 21.93 ms (0.1%)
[Performance] InitializeOnLoad EditorWindow.Initialize                                                                       :        2 samples, Peak.   158 us (1.0x), Avg.   155 us, Total. 309.0 us (0.0%)
[Performance] InitializeOnLoad MemoryProfilerCompilationGuard.InjectCompileGuard                                             :        2 samples, Peak.   137 us (1.1x), Avg.   126 us, Total. 251.6 us (0.0%)
[Performance] InitializeOnLoad ScopedRegistryAddedPopup.SubscribeToRegistriesAdded                                           :        2 samples, Peak.  8.11 ms (2.0x), Avg.  4.11 ms, Total. 8.228 ms (0.0%)
[Performance] InitializeOnLoad ToolShortcutContext.Init                                                                      :        2 samples, Peak.   193 us (1.3x), Avg.   144 us, Total. 288.8 us (0.0%)
[Performance] InitializeOnLoad SceneVisibilityManager.Initialize                                                             :        2 samples, Peak.  3.23 ms (1.5x), Avg.  2.19 ms, Total. 4.380 ms (0.0%)
[Performance] InitializeOnLoad SysrootManager.Initialize                                                                     :        2 samples, Peak.  14.0 us (1.0x), Avg.  13.4 us, Total. 26.80 us (0.0%)
[Performance] InitializeOnLoad AssetPostprocessingInternal.RefreshCustomDependencies                                         :        2 samples, Peak.  3.30 ms (1.2x), Avg.  2.87 ms, Total. 5.736 ms (0.0%)
[Performance] AssemblyReloadEvents.afterAssemblyReload: UnityEditor.SceneTemplate.SceneTemplateService.AfterAssemblyReload   :        2 samples, Peak.  5.10 ms (1.9x), Avg.  2.67 ms, Total. 5.342 ms (0.0%)
[Performance] ProcessService.EditorAfterLoadAllAssemblies                                                                    :        2 samples, Peak.   480 us (1.2x), Avg.   401 us, Total. 801.9 us (0.0%)
[Performance] Application.ReadLicenseInfo                                                                                    :        1 samples, Peak.  13.5 ms (1.0x), Avg.  13.5 ms, Total. 13.45 ms (0.1%)
[Performance] Application.InitialRefresh                                                                                     :        1 samples, Peak.  3.45 s (1.0x), Avg.  3.45 s, Total. 3.451 s (19.1%)
[Performance] Compiling Scripts                                                                                              :        1 samples, Peak.   855 ms (1.0x), Avg.   855 ms, Total. 855.2 ms (4.7%)
[Performance] AssemblyReloadEvents.beforeAssemblyReload: UnityEditor.SceneTemplate.SceneTemplateService.BeforeAssemblyReload :        1 samples, Peak.   480 us (1.0x), Avg.   480 us, Total. 479.9 us (0.0%)
[Performance] InitializeOnLoad VSUsageUtility                                                                                :        1 samples, Peak.  17.1 ms (1.0x), Avg.  17.1 ms, Total. 17.08 ms (0.1%)
[Performance] InitializeOnLoad BackgroundWatcher                                                                             :        1 samples, Peak.   134 us (1.0x), Avg.   134 us, Total. 134.1 us (0.0%)
[Performance] InitializeOnLoad UnityTestProtocolStarter                                                                      :        1 samples, Peak.   183 us (1.0x), Avg.   183 us, Total. 183.0 us (0.0%)
[Performance] InitializeOnLoad TestStarter                                                                                   :        1 samples, Peak.   468 us (1.0x), Avg.   468 us, Total. 468.2 us (0.0%)
[Performance] InitializeOnLoad RerunCallbackInitializer                                                                      :        1 samples, Peak.  2.86 ms (1.0x), Avg.  2.86 ms, Total. 2.860 ms (0.0%)
[Performance] InitializeOnLoad CoverageReporterStarter                                                                       :        1 samples, Peak.  5.45 ms (1.0x), Avg.  5.45 ms, Total. 5.455 ms (0.0%)
[Performance] InitializeOnLoad PlasticPlugin                                                                                 :        1 samples, Peak.  55.1 ms (1.0x), Avg.  55.1 ms, Total. 55.15 ms (0.3%)
[Performance] InitializeOnLoad ToolbarBootstrap                                                                              :        1 samples, Peak.   393 ms (1.0x), Avg.   393 ms, Total. 392.6 ms (2.2%)
[Performance] Package.AsyncRequest                                                                                           :        4 samples, Peak.  1.78 ms (4.0x), Avg.   447 us, Total. 1.786 ms (0.0%)
[Performance] InitializeOnLoad VisualStudioEditor                                                                            :        1 samples, Peak.  11.8 ms (1.0x), Avg.  11.8 ms, Total. 11.77 ms (0.1%)
[Performance] InitializeOnLoad VisualStudioIntegration                                                                       :        1 samples, Peak.  2.26 ms (1.0x), Avg.  2.26 ms, Total. 2.258 ms (0.0%)
[Performance] InitializeOnLoad TestRunnerApiListener                                                                         :        1 samples, Peak.   490 us (1.0x), Avg.   490 us, Total. 489.5 us (0.0%)
[Performance] InitializeOnLoad PrefabLayoutRebuilder                                                                         :        1 samples, Peak.   272 us (1.0x), Avg.   272 us, Total. 272.3 us (0.0%)
[Performance] InitializeOnLoad RiderScriptEditor                                                                             :        1 samples, Peak.  4.36 ms (1.0x), Avg.  4.36 ms, Total. 4.355 ms (0.0%)
[Performance] InitializeOnLoad CallbackInitializer                                                                           :        1 samples, Peak.  1.31 ms (1.0x), Avg.  1.31 ms, Total. 1.307 ms (0.0%)
[Performance] InitializeOnLoad VSCodeScriptEditor                                                                            :        1 samples, Peak.  3.04 ms (1.0x), Avg.  3.04 ms, Total. 3.044 ms (0.0%)
[Performance] InitializeOnLoad TestJobDataHolder.ResumeRunningJobs                                                           :        1 samples, Peak.   812 us (1.0x), Avg.   812 us, Total. 812.0 us (0.0%)
[Performance] InitializeOnLoad AnalyticsReporter.RegisterCallbacks                                                           :        1 samples, Peak.   219 us (1.0x), Avg.   219 us, Total. 219.4 us (0.0%)
[Performance] DidReloadScriptsTestRunnerWindow.CompilationCallback                                                           :        1 samples, Peak.   943 us (1.0x), Avg.   943 us, Total. 942.9 us (0.0%)
[Performance] DidReloadScriptsTestListCache.ScriptReloaded                                                                   :        1 samples, Peak.  1.38 ms (1.0x), Avg.  1.38 ms, Total. 1.379 ms (0.0%)
[Performance] DidReloadScriptsAdvancedDropdownWindow.OnScriptReload                                                          :        1 samples, Peak.   380 us (1.0x), Avg.   380 us, Total. 379.8 us (0.0%)
[Performance] SyncVS.PostprocessSyncProject                                                                                  :        1 samples, Peak.  56.1 ms (1.0x), Avg.  56.1 ms, Total. 56.13 ms (0.3%)
[Performance] Application.ImportPackagesAndSetTemplateWhenCreatingProject                                                    :        1 samples, Peak.  13.6 ms (1.0x), Avg.  13.6 ms, Total. 13.57 ms (0.1%)
[Performance] Application.SyncCurrentColorSpace                                                                              :        1 samples, Peak.   210 ms (1.0x), Avg.   210 ms, Total. 209.6 ms (1.2%)
[Performance] Application.OnUsbDevicesChanged                                                                                :        1 samples, Peak.  1.85 ms (1.0x), Avg.  1.85 ms, Total. 1.848 ms (0.0%)
[Performance] Application.AssetInstanceCacheUpdate                                                                           :        1 samples, Peak.   400 ns (1.0x), Avg.   400 ns, Total. 400.0 ns (0.0%)
[Performance] Application.UnityExtensions.Initialize                                                                         :        1 samples, Peak.  2.42 ms (1.0x), Avg.  2.42 ms, Total. 2.419 ms (0.0%)
[Performance] CodeEditorProjectSync.SyncEditorProject                                                                        :        1 samples, Peak.   138 ms (1.0x), Avg.   138 ms, Total. 137.6 ms (0.8%)
[Performance] Application.ExecuteStartups                                                                                    :        1 samples, Peak.   145 ms (1.0x), Avg.   145 ms, Total. 145.2 ms (0.8%)
[Performance] Menu.RegisterMenuInterface                                                                                     :       26 samples, Peak.  1.90 us (9.0x), Avg.   212 ns, Total. 5.500 us (0.0%)
[Performance] Gizmo.RebuildRenderers                                                                                         :        2 samples, Peak.   144 ms (2.0x), Avg.  72.2 ms, Total. 144.4 ms (0.8%)
[Performance] Gizmo.AddGizmoRenderers                                                                                        :      124 samples, Peak.  1.74 ms (76.7x), Avg.  22.7 us, Total. 2.811 ms (0.0%)
[Performance] Application.editorInitializingProject                                                                          :        1 samples, Peak.   288 ms (1.0x), Avg.   288 ms, Total. 287.9 ms (1.6%)
[Performance] Application.InitializeMenu                                                                                     :        1 samples, Peak.  1.99 s (1.0x), Avg.  1.99 s, Total. 1.991 s (11.0%)
[Performance] Menu.RebuildAll                                                                                                :        1 samples, Peak.  1.99 s (1.0x), Avg.  1.99 s, Total. 1.991 s (11.0%)
[Performance] Menu.BuildRegisteredMenuInterfaces                                                                             :        1 samples, Peak.  1.99 s (1.0x), Avg.  1.99 s, Total. 1.990 s (11.0%)
[Performance] Menu.FilterMenuItem                                                                                            :      547 samples, Peak.  29.2 ms (516.8x), Avg.  56.5 us, Total. 30.92 ms (0.2%)
[Performance] UpdateAllMenus                                                                                                 :        1 samples, Peak.   445 us (1.0x), Avg.   445 us, Total. 445.1 us (0.0%)
[Performance] Menu.RebuildOSMainMenu                                                                                         :        2 samples, Peak.  3.51 ms (1.7x), Avg.  2.10 ms, Total. 4.209 ms (0.0%)
[Performance] Selection.selectionChanged: UnityEditor.PackageManager.UI.Internal.SelectionProxy.OnSelectionChanged           :        1 samples, Peak.   496 us (1.0x), Avg.   496 us, Total. 495.7 us (0.0%)
[Performance] Selection.selectionChanged: UnityEditorInternal.EditMode.OnSelectionChange                                     :        1 samples, Peak.   402 us (1.0x), Avg.   402 us, Total. 402.0 us (0.0%)
[Performance] EditorSceneManager.sceneClosing: UnityEditor.SceneVisibilityManager.EditorSceneManagerOnSceneClosing           :        2 samples, Peak.   200 us (1.9x), Avg.   103 us, Total. 205.9 us (0.0%)
[Performance] GUIView.RepaintAll.PlayerLoopController                                                                        :        2 samples, Peak.  2.60 us (1.4x), Avg.  1.85 us, Total. 3.700 us (0.0%)
[Performance] EditorSceneManager.newSceneCreated: UnityEditor.SceneTemplate.SceneTemplateService.OnNewSceneCreated           :        1 samples, Peak.   228 us (1.0x), Avg.   228 us, Total. 228.0 us (0.0%)
[Performance] EditorSceneManager.newSceneCreated: UnityEditor.SceneVisibilityManager.EditorSceneManagerOnNewSceneCreated     :        1 samples, Peak.   159 us (1.0x), Avg.   159 us, Total. 159.5 us (0.0%)
[Performance] EditorSceneManager.newSceneCreated: UnityEditor.SceneManagement.StageNavigationManager.OnNewSceneCreated       :        1 samples, Peak.  63.8 us (1.0x), Avg.  63.8 us, Total. 63.80 us (0.0%)
[Performance] Application.InvokeFinishedLoadingProject                                                                       :        1 samples, Peak.  7.03 ms (1.0x), Avg.  7.03 ms, Total. 7.030 ms (0.0%)
[Performance] ProcessService.OnProjectLoaded                                                                                 :        1 samples, Peak.  45.4 us (1.0x), Avg.  45.4 us, Total. 45.40 us (0.0%)
[Performance] VersionControl.Task.Wait                                                                                       :        1 samples, Peak.  9.90 us (1.0x), Avg.  9.90 us, Total. 9.900 us (0.0%)
[Performance] Inspector.InitOrRebuild                                                                                        :        2 samples, Peak.   333 us (1.4x), Avg.   238 us, Total. 475.4 us (0.0%)
[Performance] FlowMacroSavedEvent.OnWillSaveAssets                                                                           :        2 samples, Peak.   331 us (2.0x), Avg.   169 us, Total. 338.9 us (0.0%)
[Performance] StateMacroSavedEvent.OnWillSaveAssets                                                                          :        2 samples, Peak.  94.3 us (2.0x), Avg.  47.9 us, Total. 95.80 us (0.0%)
[Performance] AssetModificationProcessor.OnWillSaveAssets                                                                    :        2 samples, Peak.   242 us (2.0x), Avg.   122 us, Total. 243.0 us (0.0%)
[Performance] BuilderAssetModificationProcessor.OnWillSaveAssets                                                             :        2 samples, Peak.   369 us (2.0x), Avg.   185 us, Total. 370.6 us (0.0%)
[Performance] TerrainModificationProcessor.OnWillSaveAssets                                                                  :        2 samples, Peak.   429 us (2.0x), Avg.   215 us, Total. 430.2 us (0.0%)
[Performance] AssetDatabase.ImportAssets                                                                                     :        4 samples, Peak.  1.60 us (2.5x), Avg.   650 ns, Total. 2.600 us (0.0%)
[Performance] GenerateAssemblyTypeInfos                                                                                      :        2 samples, Peak.  6.72 ms (1.4x), Avg.  4.71 ms, Total. 9.429 ms (0.1%)
[Performance] AssetDatabase.Refresh                                                                                          :        1 samples, Peak.  10.9 ms (1.0x), Avg.  10.9 ms, Total. 10.88 ms (0.1%)
[Performance] EditorApplication.quitting: UnityEditor.SettingsManagement.FileSettingsRepository.Save                         :        1 samples, Peak.  1.37 ms (1.0x), Avg.  1.37 ms, Total. 1.367 ms (0.0%)
[Performance] EditorApplication.quitting: callback in UnityEditor.TextCore.Text.EditorEventCallbacks                         :        1 samples, Peak.  12.0 ms (1.0x), Avg.  12.0 ms, Total. 12.00 ms (0.1%)
[Performance] Killing ADB server                                                                                             :        1 samples, Peak.   216 ms (1.0x), Avg.   216 ms, Total. 215.8 ms (1.2%)
[Performance] Application.Shutdown.PauseProfilerSession                                                                      :        1 samples, Peak.  27.6 us (1.0x), Avg.  27.6 us, Total. 27.60 us (0.0%)
[Performance] Application.Shutdown.PauseAssetImportWorkers                                                                   :        1 samples, Peak.   251 us (1.0x), Avg.   251 us, Total. 251.3 us (0.0%)
[Performance] Application.Shutdown.SaveAssets                                                                                :        1 samples, Peak.  6.07 ms (1.0x), Avg.  6.07 ms, Total. 6.068 ms (0.0%)
[Performance] Application.Shutdown.CleanupRenderPipeline                                                                     :        1 samples, Peak.  12.0 us (1.0x), Avg.  12.0 us, Total. 12.00 us (0.0%)
[Performance] Application.Shutdown.StopPreloadManager                                                                        :        1 samples, Peak.  9.73 ms (1.0x), Avg.  9.73 ms, Total. 9.730 ms (0.1%)
[Performance] Application.Shutdown.DestroyWorld                                                                              :        1 samples, Peak.   449 us (1.0x), Avg.   449 us, Total. 448.8 us (0.0%)
[Performance] Application.Shutdown.CleanupAfterLoad                                                                          :        1 samples, Peak.  3.09 ms (1.0x), Avg.  3.09 ms, Total. 3.089 ms (0.0%)
[Performance] Application.Shutdown.Progress                                                                                  :        1 samples, Peak.  11.5 us (1.0x), Avg.  11.5 us, Total. 11.50 us (0.0%)
[Performance] Application.Shutdown.GICleanupManagers                                                                         :        1 samples, Peak.   837 us (1.0x), Avg.   837 us, Total. 836.8 us (0.0%)
[Performance] Application.Shutdown.MenuCleanupClass                                                                          :        1 samples, Peak.   115 us (1.0x), Avg.   115 us, Total. 115.5 us (0.0%)
[Performance] Application.Shutdown.ADBSaveStateBeforeShutdown                                                                :        1 samples, Peak.  7.40 us (1.0x), Avg.  7.40 us, Total. 7.400 us (0.0%)
[Performance] Application.Shutdown.RemoteShutdown                                                                            :        1 samples, Peak.   700 ns (1.0x), Avg.   700 ns, Total. 700.0 ns (0.0%)
[Performance] Application.Shutdown.CleanupVCProvider                                                                         :        1 samples, Peak.  10.2 us (1.0x), Avg.  10.2 us, Total. 10.20 us (0.0%)
[Performance] Application.Shutdown.InputShutdown                                                                             :        1 samples, Peak.  1.90 us (1.0x), Avg.  1.90 us, Total. 1.900 us (0.0%)
[Performance] Application.Shutdown.GizmoManagerDestroy                                                                       :        1 samples, Peak.   602 us (1.0x), Avg.   602 us, Total. 601.7 us (0.0%)
[Performance] Application.Shutdown.ProfilerSession                                                                           :        1 samples, Peak.   199 us (1.0x), Avg.   199 us, Total. 199.1 us (0.0%)
[Performance] Application.Shutdown.ReleaseGfxWindowOnAllGUIViews                                                             :        1 samples, Peak.   300 ns (1.0x), Avg.   300 ns, Total. 300.0 ns (0.0%)
[Performance] Application.Shutdown.CleanupEngine                                                                             :        1 samples, Peak.  89.0 ms (1.0x), Avg.  89.0 ms, Total. 89.00 ms (0.5%)
[Performance] Application.Shutdown.CleanupAssetDatabase                                                                      :        1 samples, Peak.  9.36 ms (1.0x), Avg.  9.36 ms, Total. 9.356 ms (0.1%)
[Performance] Application.Shutdown.ScriptCompilationCleanUp                                                                  :        1 samples, Peak.  26.2 ms (1.0x), Avg.  26.2 ms, Total. 26.20 ms (0.1%)
[Performance] Application.Shutdown.DestroyJobSystem                                                                          :        1 samples, Peak.  67.8 us (1.0x), Avg.  67.8 us, Total. 67.80 us (0.0%)
[Performance] Application.Shutdown.CleanupPersistentManager                                                                  :        1 samples, Peak.  3.56 ms (1.0x), Avg.  3.56 ms, Total. 3.561 ms (0.0%)
[Performance] Application.Shutdown.CleanupAsyncReadManager                                                                   :        1 samples, Peak.   339 us (1.0x), Avg.   339 us, Total. 338.9 us (0.0%)
[Performance] Application.Shutdown.CleanupProgressBar                                                                        :        1 samples, Peak.   200 ns (1.0x), Avg.   200 ns, Total. 200.0 ns (0.0%)
[Performance] Application.Shutdown.CleanupMono                                                                               :        1 samples, Peak.  45.8 ms (1.0x), Avg.  45.8 ms, Total. 45.76 ms (0.3%)
[Performance] Application.Shutdown.CleanupStdConverters                                                                      :        1 samples, Peak.  9.00 us (1.0x), Avg.  9.00 us, Total. 9.000 us (0.0%)
[Performance] Application.Shutdown.UnloadAllPlatformSupportModuleNativeDlls                                                  :        1 samples, Peak.   600 ns (1.0x), Avg.   600 ns, Total. 600.0 ns (0.0%)
[Performance] Application.Shutdown.UnloadAllPlatformSupportNativeLibraries                                                   :        1 samples, Peak. 100.0 ns (1.0x), Avg. 100.0 ns, Total. 100.00 ns (0.0%)
[Performance] Application.Shutdown.CleanupAutoDocumentation                                                                  :        1 samples, Peak.   382 us (1.0x), Avg.   382 us, Total. 381.9 us (0.0%)
[Performance] Application.Shutdown.ShaderNameManagerDestroy                                                                  :        1 samples, Peak.  42.5 us (1.0x), Avg.  42.5 us, Total. 42.50 us (0.0%)
[Performance] Application.Shutdown.CleanupCacheServer                                                                        :        1 samples, Peak.   300 ns (1.0x), Avg.   300 ns, Total. 300.0 ns (0.0%)
[Performance] Application.Shutdown.Virtualization_Shutdown                                                                   :        1 samples, Peak.   400 ns (1.0x), Avg.   400 ns, Total. 400.0 ns (0.0%)
[Performance] Application.Shutdown.DevConnections                                                                            :        1 samples, Peak.   196 us (1.0x), Avg.   196 us, Total. 196.5 us (0.0%)
Exiting batchmode successfully now!
Exiting without the bug reporter. Application will terminate with return code 0